https://github.com/github-linguist/linguist.git
<<<<<<< Updated upstream
2025-08-15 11:12:45 info: XVBA Ribbon Starts 
2025-08-15 21:06:46 info: XVBA Ribbon Starts
=======
2025-08-15 11:12:45 info: XVBA Ribbon Starts
2025-08-15 19:56:45 info: XVBA Ribbon Starts
>>>>>>> Stashed changes
2025-08-18 07:08:15 info: XVBA Ribbon Starts
2025-08-18 07:16:04 info: XVBA Ribbon Starts
<<<<<<< Updated upstream
=======
2025-08-20 01:23:48 info: XVBA Ribbon Starts
2025-08-20 01:59:33 info: XVBA Ribbon Starts
2025-08-20 02:09:38 info: XVBA Ribbon Starts
2025-08-20 02:28:17 info: XVBA Ribbon Starts
2025-08-20 02:35:14 info: XVBA Ribbon Starts
2025-08-20 02:40:30 info: XVBA Ribbon Starts
2025-08-20 02:46:05 info: XVBA Ribbon Starts
2025-08-20 02:53:43 info: XVBA Ribbon Starts
2025-08-20 03:00:47 info: XVBA Ribbon Starts
2025-08-20 03:06:22 info: XVBA Ribbon Starts
2025-08-20 03:59:34 info: XVBA Ribbon Starts
>>>>>>> Stashed changes
